<?xml version="1.0" encoding="UTF-8"?>
<!-- Generated by org.testng.reporters.JUnitXMLReporter -->
<testsuite hostname="Lenovo-PC" name="TSContactUsTest3" tests="1" failures="1" timestamp="11 Sep 2019 18:21:04 GMT" time="28.318" errors="0">
  <testcase name="sendingCompletedMessageToCustomerServices" time="2.936" classname="tests.ContactUsPageTest">
    <failure type="java.lang.NullPointerException">
      <![CDATA[java.lang.NullPointerException
	at tests.ContactUsPageTest.sendingCompletedMessageToCustomerServices(ContactUsPageTest.java:27)
... Removed 24 stack frames]]>
    </failure>
  </testcase> <!-- sendingCompletedMessageToCustomerServices -->
</testsuite> <!-- TSContactUsTest3 -->
