<?xml version="1.0" encoding="UTF-8"?>
<!-- Generated by org.testng.reporters.JUnitXMLReporter -->
<testsuite hostname="Lenovo-PC" name="TSContactUsTest1" tests="1" failures="1" timestamp="11 Sep 2019 18:19:59 GMT" time="21.25" errors="0">
  <testcase name="sendingCompletedMessageToCustomerServices" time="1.932" classname="tests.ContactUsPageTest">
    <failure type="java.lang.NullPointerException">
      <![CDATA[java.lang.NullPointerException
	at tests.ContactUsPageTest.sendingCompletedMessageToCustomerServices(ContactUsPageTest.java:27)
... Removed 24 stack frames]]>
    </failure>
  </testcase> <!-- sendingCompletedMessageToCustomerServices -->
</testsuite> <!-- TSContactUsTest1 -->
